<?xml version="1.0" encoding="UTF-8"?>
<!-- Generated by org.testng.reporters.JUnitReportReporter -->
<testsuite hostname="DESKTOP-QNV98VQ" failures="0" tests="8" name="demo.saucedemo.LoginPage" time="22.969" errors="0" timestamp="2024-10-27T15:30:06 IST" skipped="0">
  <testcase classname="demo.saucedemo.LoginPage" name="urlVerify" time="3.739"/>
  <testcase classname="demo.saucedemo.LoginPage" name="loginTest" time="2.291"/>
  <testcase classname="demo.saucedemo.LoginPage" name="loginTest" time="2.460"/>
  <testcase classname="demo.saucedemo.LoginPage" name="loginTest" time="4.834"/>
  <testcase classname="demo.saucedemo.LoginPage" name="loginTest" time="2.349"/>
  <testcase classname="demo.saucedemo.LoginPage" name="loginTest" time="2.316"/>
  <testcase classname="demo.saucedemo.LoginPage" name="loginTest" time="2.299"/>
  <testcase classname="demo.saucedemo.LoginPage" name="loginTest" time="2.681"/>
</testsuite> <!-- demo.saucedemo.LoginPage -->
