<?xml version="1.0" encoding="UTF-8"?>
<!-- Generated by org.testng.reporters.JUnitReportReporter -->
<testsuite hostname="DESKTOP-QNV98VQ" failures="0" tests="1" name="demo.saucedemo.LoginPage" time="1.482" errors="0" timestamp="2024-10-26T22:02:51 IST" skipped="0">
  <testcase classname="demo.saucedemo.LoginPage" name="loginPage" time="1.482"/>
</testsuite> <!-- demo.saucedemo.LoginPage -->
