<?xml version="1.0" encoding="UTF-8"?>
<!-- Generated by org.testng.reporters.JUnitReportReporter -->
<testsuite hostname="DESKTOP-GEENAQU" failures="0" tests="24" name="demo.saucedemo.LoginPage" time="229.574" errors="0" timestamp="2024-11-07T09:54:15 IST" skipped="0">
  <testcase classname="demo.saucedemo.LoginPage" name="urlVerify" time="2.986"/>
  <testcase classname="demo.saucedemo.LoginPage" name="urlVerify" time="3.746"/>
  <testcase classname="demo.saucedemo.LoginPage" name="urlVerify" time="11.110"/>
  <testcase classname="demo.saucedemo.LoginPage" name="loginTest" time="16.699"/>
  <testcase classname="demo.saucedemo.LoginPage" name="loginTest" time="2.702"/>
  <testcase classname="demo.saucedemo.LoginPage" name="loginTest" time="10.199"/>
  <testcase classname="demo.saucedemo.LoginPage" name="loginTest" time="11.197"/>
  <testcase classname="demo.saucedemo.LoginPage" name="loginTest" time="3.176"/>
  <testcase classname="demo.saucedemo.LoginPage" name="loginTest" time="88.261"/>
  <testcase classname="demo.saucedemo.LoginPage" name="loginTest" time="6.875"/>
  <testcase classname="demo.saucedemo.LoginPage" name="loginTest" time="3.129"/>
  <testcase classname="demo.saucedemo.LoginPage" name="loginTest" time="2.942"/>
  <testcase classname="demo.saucedemo.LoginPage" name="loginTest" time="2.550"/>
  <testcase classname="demo.saucedemo.LoginPage" name="loginTest" time="9.525"/>
  <testcase classname="demo.saucedemo.LoginPage" name="loginTest" time="2.487"/>
  <testcase classname="demo.saucedemo.LoginPage" name="loginTest" time="10.993"/>
  <testcase classname="demo.saucedemo.LoginPage" name="loginTest" time="10.790"/>
  <testcase classname="demo.saucedemo.LoginPage" name="loginTest" time="3.746"/>
  <testcase classname="demo.saucedemo.LoginPage" name="loginTest" time="3.848"/>
  <testcase classname="demo.saucedemo.LoginPage" name="loginTest" time="3.344"/>
  <testcase classname="demo.saucedemo.LoginPage" name="loginTest" time="2.968"/>
  <testcase classname="demo.saucedemo.LoginPage" name="loginTest" time="4.921"/>
  <testcase classname="demo.saucedemo.LoginPage" name="loginTest" time="8.385"/>
  <testcase classname="demo.saucedemo.LoginPage" name="loginTest" time="2.995"/>
</testsuite> <!-- demo.saucedemo.LoginPage -->
