<?xml version="1.0" encoding="UTF-8"?>
<!-- Generated by org.testng.reporters.JUnitReportReporter -->
<testsuite hostname="DESKTOP-QNV98VQ" failures="0" tests="8" name="demo.saucedemo.LoginPage" time="23.933" errors="0" timestamp="2024-10-27T15:19:29 IST" skipped="0">
  <testcase classname="demo.saucedemo.LoginPage" name="urlVerify" time="3.285"/>
  <testcase classname="demo.saucedemo.LoginPage" name="loginTest" time="2.374"/>
  <testcase classname="demo.saucedemo.LoginPage" name="loginTest" time="2.346"/>
  <testcase classname="demo.saucedemo.LoginPage" name="loginTest" time="6.281"/>
  <testcase classname="demo.saucedemo.LoginPage" name="loginTest" time="2.295"/>
  <testcase classname="demo.saucedemo.LoginPage" name="loginTest" time="2.301"/>
  <testcase classname="demo.saucedemo.LoginPage" name="loginTest" time="2.323"/>
  <testcase classname="demo.saucedemo.LoginPage" name="loginTest" time="2.728"/>
</testsuite> <!-- demo.saucedemo.LoginPage -->
